[23:07:59] [main/WARN]: Ambiguity between arguments [teleport, destination] and [teleport, targets] with inputs: [Player, 0123, @e, dd12be42-52a9-4a91-a8a1-11c01849e498]
[23:07:59] [main/WARN]: Ambiguity between arguments [teleport, location] and [teleport, destination] with inputs: [0.1 -0.5 .9, 0 0 0]
[23:07:59] [main/WARN]: Ambiguity between arguments [teleport, location] and [teleport, targets] with inputs: [0.1 -0.5 .9, 0 0 0]
[23:07:59] [main/WARN]: Ambiguity between arguments [teleport, targets] and [teleport, destination] with inputs: [Player, 0123, dd12be42-52a9-4a91-a8a1-11c01849e498]
[23:07:59] [main/WARN]: Ambiguity between arguments [teleport, targets, location] and [teleport, targets, destination] with inputs: [0.1 -0.5 .9, 0 0 0]
[23:07:59] [Server thread/INFO]: Starting minecraft server version 1.14.4
[23:07:59] [Server thread/INFO]: Loading properties
[23:07:59] [Server thread/INFO]: Default game type: SURVIVAL
[23:07:59] [Server thread/INFO]: Generating keypair
[23:07:59] [Server thread/INFO]: Starting Minecraft server on *:25565
[23:07:59] [Server thread/INFO]: Using default channel type
[23:08:00] [Server thread/INFO]: Preparing level "world"
[23:08:00] [Server thread/INFO]: Reloading ResourceManager: Default
[23:08:04] [Server thread/INFO]: Loaded 6 recipes
[23:08:04] [Server thread/INFO]: Loaded 811 advancements
[23:08:04] [Server thread/INFO]: Preparing start region for dimension minecraft:overworld
[23:08:05] [Server thread/INFO]: Preparing spawn area: 0%
[23:08:05] [Server thread/INFO]: Preparing spawn area: 0%
[23:08:05] [Server thread/INFO]: Preparing spawn area: 70%
[23:08:07] [Server-Worker-6/INFO]: Preparing spawn area: 83%
[23:08:07] [Server-Worker-5/INFO]: Preparing spawn area: 83%
[23:08:07] [Server-Worker-2/INFO]: Preparing spawn area: 83%
[23:08:07] [Server-Worker-1/INFO]: Preparing spawn area: 83%
[23:08:08] [Server-Worker-5/INFO]: Preparing spawn area: 83%
[23:08:08] [Server thread/INFO]: Preparing spawn area: 88%
[23:08:09] [Server-Worker-2/INFO]: Preparing spawn area: 94%
[23:08:09] [Server thread/INFO]: Time elapsed: 4822 ms
[23:08:09] [Server thread/INFO]: Done (9.588s)! For help, type "help"
[23:08:10] [Server thread/INFO]: Stopping the server
[23:08:10] [Server thread/INFO]: Stopping server
[23:08:10] [Server thread/INFO]: Saving players
[23:08:10] [Server thread/INFO]: Saving worlds
[23:08:10] [Server thread/INFO]: Saving chunks for level 'world'/minecraft:the_nether
[23:08:10] [Server thread/INFO]: ThreadedAnvilChunkStorage (DIM-1): All chunks are saved
[23:08:10] [Server thread/INFO]: Saving chunks for level 'world'/minecraft:the_end
[23:08:10] [Server thread/INFO]: ThreadedAnvilChunkStorage (DIM1): All chunks are saved
[23:08:10] [Server thread/INFO]: Saving chunks for level 'world'/minecraft:overworld
[23:08:11] [Server thread/INFO]: ThreadedAnvilChunkStorage (world): All chunks are saved
[23:08:11] [Server thread/INFO]: ThreadedAnvilChunkStorage (DIM-1): All chunks are saved
[23:08:11] [Server thread/INFO]: ThreadedAnvilChunkStorage (DIM1): All chunks are saved
[23:08:11] [Server thread/INFO]: ThreadedAnvilChunkStorage (world): All chunks are saved
